<?xml version="1.0" encoding="UTF-8"?>
<testsuite name="oleg.sichev.restspringboot.RestSpringBootApplicationTests" tests="1" skipped="0" failures="0" errors="0" timestamp="2023-09-28T17:10:45" hostname="OLEG-PC" time="0.672">
  <properties/>
  <testcase name="contextLoads()" classname="oleg.sichev.restspringboot.RestSpringBootApplicationTests" time="0.672"/>
  <system-out><![CDATA[20:10:43.627 [Test worker] INFO org.springframework.test.context.support.AnnotationConfigContextLoaderUtils -- Could not detect default configuration classes for test class [oleg.sichev.restspringboot.RestSpringBootApplicationTests]: RestSpringBootApplicationTests does not declare any static, non-private, non-final, nested classes annotated with @Configuration.
20:10:43.701 [Test worker] INFO org.springframework.boot.test.context.SpringBootTestContextBootstrapper -- Found @SpringBootConfiguration oleg.sichev.restspringboot.RestSpringBootApplication for test class oleg.sichev.restspringboot.RestSpringBootApplicationTests

  .   ____          _            __ _ _
 /\\ / ___'_ __ _ _(_)_ __  __ _ \ \ \ \
( ( )\___ | '_ | '_| | '_ \/ _` | \ \ \ \
 \\/  ___)| |_)| | | | | || (_| |  ) ) ) )
  '  |____| .__|_| |_|_| |_\__, | / / / /
 =========|_|==============|___/=/_/_/_/
 :: Spring Boot ::                (v3.1.4)

2023-09-28T20:10:44.067+03:00  INFO 19916 --- [    Test worker] o.s.r.RestSpringBootApplicationTests     : Starting RestSpringBootApplicationTests using Java 21 with PID 19916 (started by siche in D:\IdeaProjects\Java\RestSpringBoot)
2023-09-28T20:10:44.069+03:00  INFO 19916 --- [    Test worker] o.s.r.RestSpringBootApplicationTests     : No active profile set, falling back to 1 default profile: "default"
2023-09-28T20:10:45.620+03:00  INFO 19916 --- [    Test worker] o.s.b.a.e.web.EndpointLinksResolver      : Exposing 1 endpoint(s) beneath base path '/actuator'
2023-09-28T20:10:45.673+03:00  INFO 19916 --- [    Test worker] o.s.r.RestSpringBootApplicationTests     : Started RestSpringBootApplicationTests in 1.83 seconds (process running for 2.914)
]]></system-out>
  <system-err><![CDATA[WARNING: A Java agent has been loaded dynamically (C:\Users\siche\.gradle\caches\modules-2\files-2.1\net.bytebuddy\byte-buddy-agent\1.14.8\ae6ebe485f3bcd0a1e20241488a32e6400a501ef\byte-buddy-agent-1.14.8.jar)
WARNING: If a serviceability tool is in use, please run with -XX:+EnableDynamicAgentLoading to hide this warning
WARNING: If a serviceability tool is not in use, please run with -Djdk.instrument.traceUsage for more information
WARNING: Dynamic loading of agents will be disallowed by default in a future release
]]></system-err>
</testsuite>
